Flutter crash report; please file at https://github.com/flutter/flutter/issues.

## command

flutter --no-color packages get

## exception

YamlException: Error on line 23, column 3: Expected ':'.
   ╷
23 │   # The following adds the Cupertino Icons font to your application.
   │   ^
   ╵

```
#0      Scanner._staleSimpleKeys (package:yaml/src/scanner.dart:491:9)
#1      Scanner._fetchMoreTokens (package:yaml/src/scanner.dart:325:9)
#2      Scanner.peek (package:yaml/src/scanner.dart:317:27)
#3      Parser._parseBlockMappingKey (package:yaml/src/parser.dart:418:26)
#4      Parser._stateMachine (package:yaml/src/parser.dart:86:16)
#5      Parser.parse (package:yaml/src/parser.dart:47:19)
#6      Loader._loadMapping (package:yaml/src/loader.dart:171:23)
#7      Loader._loadNode (package:yaml/src/loader.dart:86:16)
#8      Loader._loadMapping (package:yaml/src/loader.dart:165:19)
#9      Loader._loadNode (package:yaml/src/loader.dart:86:16)
#10     Loader._loadMapping (package:yaml/src/loader.dart:165:19)
#11     Loader._loadNode (package:yaml/src/loader.dart:86:16)
#12     Loader._loadDocument (package:yaml/src/loader.dart:62:20)
#13     Loader.load (package:yaml/src/loader.dart:54:20)
#14     loadYamlDocument (package:yaml/yaml.dart:51:25)
#15     loadYamlNode (package:yaml/yaml.dart:42:5)
#16     loadYaml (package:yaml/yaml.dart:34:5)
#17     FlutterManifest.createFromString (package:flutter_tools/src/flutter_manifest.dart:38:28)
#18     FlutterManifest.createFromPath (package:flutter_tools/src/flutter_manifest.dart:32:12)
#19     FlutterProject._readManifest (package:flutter_tools/src/project.dart:167:54)
#20     FlutterProject.fromDirectory (package:flutter_tools/src/project.dart:45:38)
#21     FlutterProject.fromPath (package:flutter_tools/src/project.dart:60:50)
#22     PackagesGetCommand.usageValues (package:flutter_tools/src/commands/packages.dart:80:55)
<asynchronous suspension>
#23     FlutterCommand.verifyThenRunCommand (package:flutter_tools/src/runner/flutter_command.dart:484:63)
<asynchronous suspension>
#24     FlutterCommand.run.<anonymous closure> (package:flutter_tools/src/runner/flutter_command.dart:424:33)
<asynchronous suspension>
#25     AppContext.run.<anonymous closure> (package:flutter_tools/src/base/context.dart:153:29)
<asynchronous suspension>
#26     _rootRun (dart:async/zone.dart:1124:13)
#27     _CustomZone.run (dart:async/zone.dart:1021:19)
#28     _runZoned (dart:async/zone.dart:1516:10)
#29     runZoned (dart:async/zone.dart:1463:12)
#30     AppContext.run (package:flutter_tools/src/base/context.dart:152:18)
<asynchronous suspension>
#31     FlutterCommand.run (package:flutter_tools/src/runner/flutter_command.dart:415:20)
#32     CommandRunner.runCommand (package:args/command_runner.dart:197:27)
<asynchronous suspension>
#33     FlutterCommandRunner.runCommand.<anonymous closure> (package:flutter_tools/src/runner/flutter_command_runner.dart:396:21)
<asynchronous suspension>
#34     AppContext.run.<anonymous closure> (package:flutter_tools/src/base/context.dart:153:29)
<asynchronous suspension>
#35     _rootRun (dart:async/zone.dart:1124:13)
#36     _CustomZone.run (dart:async/zone.dart:1021:19)
#37     _runZoned (dart:async/zone.dart:1516:10)
#38     runZoned (dart:async/zone.dart:1463:12)
#39     AppContext.run (package:flutter_tools/src/base/context.dart:152:18)
<asynchronous suspension>
#40     FlutterCommandRunner.runCommand (package:flutter_tools/src/runner/flutter_command_runner.dart:356:19)
<asynchronous suspension>
#41     CommandRunner.run.<anonymous closure> (package:args/command_runner.dart:112:25)
#42     new Future.sync (dart:async/future.dart:224:31)
#43     CommandRunner.run (package:args/command_runner.dart:112:14)
#44     FlutterCommandRunner.run (package:flutter_tools/src/runner/flutter_command_runner.dart:242:18)
#45     run.<anonymous closure> (package:flutter_tools/runner.dart:60:20)
<asynchronous suspension>
#46     AppContext.run.<anonymous closure> (package:flutter_tools/src/base/context.dart:153:29)
<asynchronous suspension>
#47     _rootRun (dart:async/zone.dart:1124:13)
#48     _CustomZone.run (dart:async/zone.dart:1021:19)
#49     _runZoned (dart:async/zone.dart:1516:10)
#50     runZoned (dart:async/zone.dart:1463:12)
#51     AppContext.run (package:flutter_tools/src/base/context.dart:152:18)
<asynchronous suspension>
#52     runInContext (package:flutter_tools/src/context_runner.dart:56:24)
<asynchronous suspension>
#53     run (package:flutter_tools/runner.dart:51:10)
#54     main (package:flutter_tools/executable.dart:62:9)
<asynchronous suspension>
#55     main (file:///D:/Android/flutter/packages/flutter_tools/bin/flutter_tools.dart:8:3)
#56     _startIsolate.<anonymous closure> (dart:isolate-patch/isolate_patch.dart:299:32)
#57     _RawReceivePortImpl._handleMessage (dart:isolate-patch/isolate_patch.dart:172:12)
```

## flutter doctor

```
[✓] Flutter (Channel dev, v1.7.3, on Microsoft Windows [Version 10.0.17763.529], locale en-GB)
    • Flutter version 1.7.3 at D:\Android\flutter
    • Framework revision 362b999b90 (3 days ago), 2019-06-07 12:43:27 -0700
    • Engine revision 0602dbb275
    • Dart version 2.3.2 (build 2.3.2-dev.0.1 6e0d978505)

[!] Android toolchain - develop for Android devices (Android SDK version 28.0.3)
    • Android SDK at D:/Android/android-sdk
    • Android NDK location not configured (optional; useful for native profiling support)
    • Platform android-28, build-tools 28.0.3
    • ANDROID_HOME = D:/Android/android-sdk
    • Java binary at: C:\Users\Ibrahim\Desktop\android-studio\jre\bin\java
    • Java version OpenJDK Runtime Environment (build 1.8.0_152-release-1343-b01)
    ✗ Android license status unknown.
      Try re-installing or updating your Android SDK Manager.
      See https://developer.android.com/studio/#downloads or visit https://flutter.dev/setup/#android-setup for detailed instructions.

[✗] Visual Studio - develop for Windows
    ✗ Visual Studio not installed; this is necessary for Windows development.
      Download at https://visualstudio.microsoft.com/downloads/.

[✓] Android Studio (version 3.4)
    • Android Studio at C:\Program Files\Android\Android studio
    • Flutter plugin version 36.0.1
    • Dart plugin version 183.6270
    • Java version OpenJDK Runtime Environment (build 1.8.0_152-release-1343-b01)

[✓] Android Studio (version 3.5)
    • Android Studio at C:\Users\Ibrahim\Desktop\android-studio
    • Flutter plugin version 33.2.2
    • Dart plugin version 183.5901
    • Java version OpenJDK Runtime Environment (build 1.8.0_152-release-1343-b01)

[✓] IntelliJ IDEA Ultimate Edition (version 2017.3)
    • IntelliJ at C:\Program Files\JetBrains\IntelliJ IDEA 2017.3
    • Flutter plugin version 27.1.1
    • Dart plugin version 173.4700

[✓] IntelliJ IDEA Ultimate Edition (version 2019.1)
    • IntelliJ at C:\Program Files\JetBrains\IntelliJ IDEA 2018.2.4
    • Flutter plugin version 34.0.4
    • Dart plugin version 191.6183.87

[✓] Connected device (1 available)
    • Android SDK built for x86 • emulator-5554 • android-x86 • Android 8.0.0 (API 26) (emulator)

! Doctor found issues in 2 categories.
```
